<?xml version="1.0" encoding="UTF-8"?>
<!-- Generated by org.testng.reporters.JUnitXMLReporter -->
<testsuite hostname="LAPTOP-7N9NOA3S" ignored="0" name="Test" tests="3" failures="0" timestamp="2023-03-03T23:15:45 GMT" time="80.18" errors="0">
  <testcase name="insurance_Calculate" time="23.691" classname="com.java.motorcycle.E2E_Test_Case"/>
  <testcase name="insurance_Calculate" time="23.093" classname="com.java.motorcycle.E2E_Test_Case"/>
  <testcase name="insurance_Calculate" time="22.638" classname="com.java.motorcycle.E2E_Test_Case"/>
</testsuite> <!-- Test -->
