<?xml version="1.0" encoding="UTF-8"?>
<!-- Generated by org.testng.reporters.JUnitXMLReporter -->
<testsuite hostname="LAPTOP-7N9NOA3S" ignored="0" name="Test" tests="3" failures="3" timestamp="2023-02-23T01:39:18 GMT" time="86.552" errors="0">
  <testcase name="insurance_Calculate" time="23.897" classname="com.java.motorcycle.E2E_Test_Case">
    <failure type="java.lang.AssertionError" message="Pricing for gold plan is not matching. expected [238.00] but found []">
      <![CDATA[java.lang.AssertionError: Pricing for gold plan is not matching. expected [238.00] but found []
at com.java.motorcycle.E2E_Test_Case.insurance_Calculate(E2E_Test_Case.java:33)
at java.util.ArrayList.forEach(ArrayList.java:1259)
... Removed 32 stack frames]]>
    </failure>
  </testcase> <!-- insurance_Calculate -->
  <testcase name="insurance_Calculate" time="23.067" classname="com.java.motorcycle.E2E_Test_Case">
    <failure type="java.lang.AssertionError" message="Pricing for gold plan is not matching. expected [238.00] but found [793.00]">
      <![CDATA[java.lang.AssertionError: Pricing for gold plan is not matching. expected [238.00] but found [793.00]
at com.java.motorcycle.E2E_Test_Case.insurance_Calculate(E2E_Test_Case.java:33)
at java.util.ArrayList.forEach(ArrayList.java:1259)
... Removed 32 stack frames]]>
    </failure>
  </testcase> <!-- insurance_Calculate -->
  <testcase name="insurance_Calculate" time="23.235" classname="com.java.motorcycle.E2E_Test_Case">
    <failure type="java.lang.Exception" message="Value is not present in dropdown for webelemtn: [[ChromeDriver: chrome on WINDOWS (89158f7825dadd3da280890a4bea73ed)] -&amp;gt; id: insurancesum]Value to be selected 3.000.000,00">
      <![CDATA[java.lang.Exception: Value is not present in dropdown for webelemtn: [[ChromeDriver: chrome on WINDOWS (89158f7825dadd3da280890a4bea73ed)] -> id: insurancesum]Value to be selected 3.000.000,00
at com.java.reusableComponants.commonMethods.selectDropdownValue(commonMethods.java:33)
at com.java.pageObject.Enter_Product_Data.enterProductData(Enter_Product_Data.java:36)
at com.java.motorcycle.E2E_Test_Case.insurance_Calculate(E2E_Test_Case.java:29)
at java.util.ArrayList.forEach(ArrayList.java:1259)
... Removed 27 stack frames]]>
    </failure>
  </testcase> <!-- insurance_Calculate -->
</testsuite> <!-- Test -->
